<?xml version="1.0" encoding="UTF-8"?>
<!-- Generated by org.testng.reporters.JUnitReportReporter -->
<testsuite hostname="UDAY" failures="0" tests="3" name="sep6.FirstTestNGclass" time="32.765" errors="0" timestamp="2022-09-08T16:43:50 IST" skipped="0">
  <testcase classname="sep6.FirstTestNGclass" name="minny" time="14.478"/>
  <system-out>
    <![CDATA[Running in Minny ]]>
  </system-out>
  <testcase classname="sep6.FirstTestNGclass" name="vd" time="14.247"/>
  <system-out>
    <![CDATA[Running in vd]]>
  </system-out>
  <testcase classname="sep6.FirstTestNGclass" name="vinay" time="4.040"/>
  <system-out>
    <![CDATA[Running in Vinay]]>
  </system-out>
</testsuite> <!-- sep6.FirstTestNGclass -->
