<?xml version="1.0" encoding="UTF-8"?>
<!-- Generated by org.testng.reporters.JUnitReportReporter -->
<testsuite hostname="UDAY" failures="0" tests="3" name="sep7.ThirdTestNGClass" time="11.490" errors="0" timestamp="2022-09-08T16:43:50 IST" skipped="0">
  <testcase classname="sep7.ThirdTestNGClass" name="roles" time="3.623"/>
  <system-out/>
  <testcase classname="sep7.ThirdTestNGClass" name="users" time="3.843"/>
  <system-out/>
  <testcase classname="sep7.ThirdTestNGClass" name="branches" time="4.024"/>
  <system-out/>
</testsuite> <!-- sep7.ThirdTestNGClass -->
