<?xml version="1.0" encoding="UTF-8"?>
<!-- Generated by org.testng.reporters.JUnitReportReporter -->
<testsuite hostname="UDAY" failures="0" tests="5" name="sep7.SecondTestNGClass" time="45.826" errors="0" timestamp="2022-09-08T16:43:50 IST" skipped="0">
  <testcase classname="sep7.SecondTestNGClass" name="multiplication" time="8.783"/>
  <system-out/>
  <testcase classname="sep7.SecondTestNGClass" name="addition" time="11.167"/>
  <system-out/>
  <testcase classname="sep7.SecondTestNGClass" name="division" time="8.071"/>
  <system-out/>
  <testcase classname="sep7.SecondTestNGClass" name="multiplication" time="8.238"/>
  <system-out/>
  <testcase classname="sep7.SecondTestNGClass" name="multiplication" time="9.567"/>
  <system-out/>
</testsuite> <!-- sep7.SecondTestNGClass -->
