<?xml version="1.0" encoding="UTF-8"?>
<!-- Generated by org.testng.reporters.JUnitReportReporter -->
<testsuite hostname="UDAY" failures="0" tests="1" name="sep8.PropertyFile" time="1.635" errors="0" timestamp="2022-09-08T17:52:58 IST" skipped="0">
  <testcase classname="sep8.PropertyFile" name="login" time="1.635"/>
  <system-out/>
</testsuite> <!-- sep8.PropertyFile -->
